Build started 9/17/2013 3:48:21 PM.
     1>Project "C:\Users\KevLaptop\Documents\Visual Studio 2012\Projects\DX11\DX11\DX11.vcxproj" on node 2 (Build target(s)).
     1>ClCompile:
         C:\Program Files (x86)\Microsoft Visual Studio 11.0\VC\bin\CL.exe /c /ZI /nologo /W3 /WX- /Od /Oy- /D WIN32 /D _DEBUG /D _WINDOWS /D _UNICODE /D UNICODE /Gm /EHsc /RTC1 /MDd /GS /fp:precise /Zc:wchar_t /Zc:forScope /Fo"Debug\\" /Fd"Debug\vc110.pdb" /Gd /TP /wd4005 /analyze- /errorReport:prompt "Init Direct3D.cpp"
         Init Direct3D.cpp
     1>c:\users\kevlaptop\documents\visual studio 2012\projects\dx11\dx11\init direct3d.cpp(88): warning C4244: 'argument' : conversion from 'int' to 'float', possible loss of data
       Link:
         C:\Program Files (x86)\Microsoft Visual Studio 11.0\VC\bin\link.exe /ERRORREPORT:PROMPT /OUT:"C:\Users\KevLaptop\Documents\Visual Studio 2012\Projects\DX11\Debug\DX11.exe" /INCREMENTAL /NOLOGO d3d11.lib d3dx11d.lib d3dx10d.lib d3d10.lib D3DCompiler.lib Effects11d.lib dxerr.lib dxgi.lib dxguid.lib kernel32.lib user32.lib gdi32.lib winspool.lib comdlg32.lib advapi32.lib shell32.lib ole32.lib oleaut32.lib uuid.lib odbc32.lib odbccp32.lib /MANIFEST /MANIFESTUAC:"level='asInvoker' uiAccess='false'" /manifest:embed /DEBUG /PDB:"C:\Users\KevLaptop\Documents\Visual Studio 2012\Projects\DX11\Debug\DX11.pdb" /SUBSYSTEM:WINDOWS /TLBID:1 /DYNAMICBASE /NXCOMPAT /IMPLIB:"C:\Users\KevLaptop\Documents\Visual Studio 2012\Projects\DX11\Debug\DX11.lib" /MACHINE:X86 Debug\Buffer.obj
         Debug\Camera.obj
         Debug\d3dApp.obj
         Debug\d3dUtil.obj
         Debug\GameTimer.obj
         "Debug\Init Direct3D.obj"
         Debug\MathHelper.obj
         Debug\ModelLoader.obj
         Debug\ModelManager.obj
         Debug\Obj.obj
         Debug\ObjManager.obj
         Debug\Shader.obj
         Debug\ShaderManager.obj
         DX11.vcxproj -> C:\Users\KevLaptop\Documents\Visual Studio 2012\Projects\DX11\Debug\DX11.exe
     1>Done Building Project "C:\Users\KevLaptop\Documents\Visual Studio 2012\Projects\DX11\DX11\DX11.vcxproj" (Build target(s)).

Build succeeded.

Time Elapsed 00:00:02.44
