Build started 2013-09-18 16:51:19.
     1>Project "C:\Users\BTH\Documents\Visual Studio 2012\Projects\Enemy\Enemy\Enemy.vcxproj" on node 2 (Build target(s)).
     1>ClCompile:
         C:\Program Files (x86)\Microsoft Visual Studio 11.0\VC\bin\CL.exe /c /ZI /nologo /W3 /WX- /sdl /Od /Oy- /D _MBCS /Gm /EHsc /RTC1 /MDd /GS /fp:precise /Zc:wchar_t /Zc:forScope /Fo"Debug\\" /Fd"Debug\vc110.pdb" /Gd /TP /analyze- /errorReport:prompt Level.cpp
         Level.cpp
     1>c:\users\bth\documents\visual studio 2012\projects\enemy\enemy\level.cpp(51): warning C4018: '<' : signed/unsigned mismatch
     1>c:\users\bth\documents\visual studio 2012\projects\enemy\enemy\level.cpp(74): warning C4018: '<' : signed/unsigned mismatch
       Link:
         C:\Program Files (x86)\Microsoft Visual Studio 11.0\VC\bin\link.exe /ERRORREPORT:PROMPT /OUT:"C:\Users\BTH\Documents\Visual Studio 2012\Projects\Enemy\Debug\Enemy.exe" /INCREMENTAL /NOLOGO kernel32.lib user32.lib gdi32.lib winspool.lib comdlg32.lib advapi32.lib shell32.lib ole32.lib oleaut32.lib uuid.lib odbc32.lib odbccp32.lib /MANIFEST /MANIFESTUAC:"level='asInvoker' uiAccess='false'" /manifest:embed /DEBUG /PDB:"C:\Users\BTH\Documents\Visual Studio 2012\Projects\Enemy\Debug\Enemy.pdb" /TLBID:1 /DYNAMICBASE /NXCOMPAT /IMPLIB:"C:\Users\BTH\Documents\Visual Studio 2012\Projects\Enemy\Debug\Enemy.lib" /MACHINE:X86 Debug\DefensiveEnemy.obj
         Debug\Enemy.obj
         Debug\GameScene.obj
         Debug\Level.obj
         Debug\LevelImporter.obj
         Debug\LodePNG.obj
         Debug\Main.obj
         Debug\Paddle.obj
         Debug\ShootingEnemy.obj
         Enemy.vcxproj -> C:\Users\BTH\Documents\Visual Studio 2012\Projects\Enemy\Debug\Enemy.exe
     1>Done Building Project "C:\Users\BTH\Documents\Visual Studio 2012\Projects\Enemy\Enemy\Enemy.vcxproj" (Build target(s)).

Build succeeded.

Time Elapsed 00:00:01.41
